mode: set
github.com/vpanwar821/gilded-rose/gildedrose/regular_item.go:9.46,13.2 1 1
github.com/vpanwar821/gilded-rose/gildedrose/regular_item.go:15.42,17.21 2 1
github.com/vpanwar821/gilded-rose/gildedrose/regular_item.go:17.21,19.3 1 1
github.com/vpanwar821/gilded-rose/gildedrose/regular_item.go:19.8,21.3 1 1
github.com/vpanwar821/gilded-rose/gildedrose/sulfuras_item.go:11.48,15.2 1 1
github.com/vpanwar821/gilded-rose/gildedrose/sulfuras_item.go:17.43,19.2 1 1
github.com/vpanwar821/gilded-rose/gildedrose/aged_brie_item.go:9.48,13.2 1 1
github.com/vpanwar821/gilded-rose/gildedrose/aged_brie_item.go:15.43,18.2 2 1
github.com/vpanwar821/gilded-rose/gildedrose/backstage_passes_item.go:12.62,16.2 1 1
github.com/vpanwar821/gilded-rose/gildedrose/backstage_passes_item.go:18.50,20.21 2 1
github.com/vpanwar821/gilded-rose/gildedrose/backstage_passes_item.go:20.21,22.3 1 1
github.com/vpanwar821/gilded-rose/gildedrose/backstage_passes_item.go:22.8,22.29 1 1
github.com/vpanwar821/gilded-rose/gildedrose/backstage_passes_item.go:22.29,24.3 1 1
github.com/vpanwar821/gilded-rose/gildedrose/backstage_passes_item.go:24.8,24.30 1 1
github.com/vpanwar821/gilded-rose/gildedrose/backstage_passes_item.go:24.30,26.3 1 1
github.com/vpanwar821/gilded-rose/gildedrose/backstage_passes_item.go:26.8,28.3 1 1
github.com/vpanwar821/gilded-rose/gildedrose/conjured_item.go:9.48,13.2 1 1
github.com/vpanwar821/gilded-rose/gildedrose/conjured_item.go:15.43,17.21 2 1
github.com/vpanwar821/gilded-rose/gildedrose/conjured_item.go:17.21,19.3 1 1
github.com/vpanwar821/gilded-rose/gildedrose/conjured_item.go:19.8,21.3 1 1
github.com/vpanwar821/gilded-rose/gildedrose/gilded_rose.go:12.35,13.34 1 1
github.com/vpanwar821/gilded-rose/gildedrose/gilded_rose.go:13.34,14.24 1 1
github.com/vpanwar821/gilded-rose/gildedrose/gilded_rose.go:15.24,16.45 1 1
github.com/vpanwar821/gilded-rose/gildedrose/gilded_rose.go:17.31,18.52 1 1
github.com/vpanwar821/gilded-rose/gildedrose/gilded_rose.go:19.24,20.45 1 1
github.com/vpanwar821/gilded-rose/gildedrose/gilded_rose.go:21.24,22.45 1 1
github.com/vpanwar821/gilded-rose/gildedrose/gilded_rose.go:23.11,24.44 1 1
